<?xml version="1.0" encoding="UTF-8"?>
<!-- Generated by org.testng.reporters.JUnitReportReporter -->
<testsuite hostname="DESKTOP-L1R7ULV" failures="0" tests="1" name="Testng.Testngdragdrop" time="12.369" errors="0" timestamp="2025-06-03T11:06:39 IST" skipped="0">
  <testcase classname="Testng.Testngdragdrop" name="test1" time="12.369"/>
</testsuite> <!-- Testng.Testngdragdrop -->
