<?xml version="1.0" encoding="UTF-8"?>
<!-- Generated by org.testng.reporters.JUnitReportReporter -->
<testsuite hostname="DESKTOP-L1R7ULV" failures="0" tests="1" name="Testng.Testngmousepoint" time="9.135" errors="0" timestamp="2025-06-04T11:07:45 IST" skipped="0">
  <testcase classname="Testng.Testngmousepoint" name="tets1" time="9.135"/>
</testsuite> <!-- Testng.Testngmousepoint -->
