<?xml version="1.0" encoding="UTF-8"?>
<!-- Generated by org.testng.reporters.JUnitReportReporter -->
<testsuite hostname="DESKTOP-L1R7ULV" failures="0" tests="1" name="Testng.Testngaction" time="5.000" errors="0" timestamp="2025-06-03T10:29:19 IST" skipped="0">
  <testcase classname="Testng.Testngaction" name="test1" time="5.000"/>
</testsuite> <!-- Testng.Testngaction -->
