<?xml version="1.0" encoding="UTF-8"?>
<!-- Generated by org.testng.reporters.JUnitReportReporter -->
<testsuite hostname="DESKTOP-L1R7ULV" failures="0" tests="1" name="testing.Pdffile" time="7.009" errors="0" timestamp="2025-06-10T10:41:59 IST" skipped="0">
  <testcase classname="testing.Pdffile" name="test1" time="7.009"/>
</testsuite> <!-- testing.Pdffile -->
