<?xml version="1.0" encoding="UTF-8"?>
<!-- Generated by org.testng.reporters.JUnitReportReporter -->
<testsuite hostname="DESKTOP-L1R7ULV" failures="0" tests="3" name="Testng.Testnggrouping" time="0.081" errors="0" timestamp="2025-06-02T10:20:14 IST" skipped="0">
  <testcase classname="Testng.Testnggrouping" name="main4" time="0.008"/>
  <testcase classname="Testng.Testnggrouping" name="main2" time="0.017"/>
  <testcase classname="Testng.Testnggrouping" name="main1" time="0.056"/>
</testsuite> <!-- Testng.Testnggrouping -->
