<?xml version="1.0" encoding="UTF-8"?>
<!-- Generated by org.testng.reporters.JUnitReportReporter -->
<testsuite hostname="DESKTOP-L1R7ULV" failures="0" tests="3" name="Testng.Testngdemo" time="0.036" errors="0" timestamp="2025-05-30T11:12:28 IST" skipped="1">
  <testcase classname="Testng.Testngdemo" name="test3" time="0.010"/>
  <testcase classname="Testng.Testngdemo" name="test1" time="0.026"/>
  <testcase classname="Testng.Testngdemo" name="test2">
    <skipped/>
  </testcase> <!-- test2 -->
</testsuite> <!-- Testng.Testngdemo -->
