<?xml version="1.0" encoding="UTF-8"?>
<!-- Generated by org.testng.reporters.JUnitReportReporter -->
<testsuite hostname="DESKTOP-L1R7ULV" failures="0" tests="1" name="Testng.Testngparamiters" time="0.045" errors="0" timestamp="2025-06-02T10:39:23 IST" skipped="0">
  <testcase classname="Testng.Testngparamiters" name="main" time="0.045"/>
</testsuite> <!-- Testng.Testngparamiters -->
