<?xml version="1.0" encoding="UTF-8"?>
<!-- Generated by org.testng.reporters.JUnitReportReporter -->
<testsuite hostname="DESKTOP-L1R7ULV" failures="0" tests="1" name="testing.Task1" time="7.309" errors="0" timestamp="2025-06-15T19:16:53 IST" skipped="0">
  <testcase classname="testing.Task1" name="test1" time="7.309"/>
</testsuite> <!-- testing.Task1 -->
