<?xml version="1.0" encoding="UTF-8"?>
<!-- Generated by org.testng.reporters.JUnitReportReporter -->
<testsuite hostname="DESKTOP-L1R7ULV" failures="0" tests="1" name="Testng.Scrolldown" time="3.990" errors="0" timestamp="2025-06-06T10:56:49 IST" skipped="0">
  <testcase classname="Testng.Scrolldown" name="test1" time="3.990"/>
</testsuite> <!-- Testng.Scrolldown -->
