<?xml version="1.0" encoding="UTF-8"?>
<!-- Generated by org.testng.reporters.JUnitReportReporter -->
<testsuite hostname="DESKTOP-L1R7ULV" failures="0" tests="1" name="Testng.Notification" time="38.483" errors="0" timestamp="2025-06-06T10:25:51 IST" skipped="0">
  <testcase classname="Testng.Notification" name="url" time="38.483"/>
</testsuite> <!-- Testng.Notification -->
