<?xml version="1.0" encoding="UTF-8"?>
<!-- Generated by org.testng.reporters.JUnitReportReporter -->
<testsuite hostname="DESKTOP-L1R7ULV" failures="0" tests="2" name="Testng.Testngmutiweb" time="58.528" errors="0" timestamp="2025-06-02T11:31:27 IST" skipped="0">
  <testcase classname="Testng.Testngmutiweb" name="test" time="27.131"/>
  <testcase classname="Testng.Testngmutiweb" name="test" time="31.397"/>
</testsuite> <!-- Testng.Testngmutiweb -->
